<?xml version="1.0" encoding="UTF-8"?>
<!-- Generated by org.testng.reporters.JUnitXMLReporter -->
<testsuite hostname="ANIL-PC" ignored="0" name="EmployeesRestAPITest" tests="10" failures="3" timestamp="2020-03-10T18:44:43 IST" time="10.133" errors="0">
  <testcase name="checkContentLenght" time="0.02" classname="com.employeeapi.testCases.TC001_Get_All_Employees"/>
  <testcase name="checkContentType" time="0.0" classname="com.employeeapi.testCases.TC001_Get_All_Employees">
    <failure type="java.lang.AssertionError" message="expected [text/html; charset=UTF-8] but found [application/json;charset=utf-8]">
      <![CDATA[java.lang.AssertionError: expected [text/html; charset=UTF-8] but found [application/json;charset=utf-8]
at com.employeeapi.testCases.TC001_Get_All_Employees.checkContentType(TC001_Get_All_Employees.java:117)
at java.util.ArrayList.forEach(ArrayList.java:1257)
... Removed 32 stack frames]]>
    </failure>
  </testcase> <!-- checkContentType -->
  <testcase name="checkCookies" time="0.004" classname="com.employeeapi.testCases.TC001_Get_All_Employees"/>
  <testcase name="checkResponseTime" time="0.004" classname="com.employeeapi.testCases.TC001_Get_All_Employees"/>
  <testcase name="checkResposeBody" time="1.007" classname="com.employeeapi.testCases.TC001_Get_All_Employees"/>
  <testcase name="checkStatusCode" time="0.003" classname="com.employeeapi.testCases.TC001_Get_All_Employees"/>
  <testcase name="checkcontentEncoding" time="0.004" classname="com.employeeapi.testCases.TC001_Get_All_Employees"/>
  <testcase name="checkserverType" time="0.005" classname="com.employeeapi.testCases.TC001_Get_All_Employees">
    <failure type="java.lang.AssertionError" message="expected [nginx/1.14.1] but found [nginx/1.16.0]">
      <![CDATA[java.lang.AssertionError: expected [nginx/1.14.1] but found [nginx/1.16.0]
at com.employeeapi.testCases.TC001_Get_All_Employees.checkserverType(TC001_Get_All_Employees.java:127)
at java.util.ArrayList.forEach(ArrayList.java:1257)
... Removed 32 stack frames]]>
    </failure>
  </testcase> <!-- checkserverType -->
  <testcase name="checkstatusLine" time="0.013" classname="com.employeeapi.testCases.TC001_Get_All_Employees"/>
  <testcase name="jsonPath" time="2.101" classname="com.employeeapi.testCases.TC001_Get_All_Employees">
    <failure type="java.lang.ClassCastException" message="java.util.HashMap cannot be cast to java.util.List">
      <![CDATA[java.lang.ClassCastException: java.util.HashMap cannot be cast to java.util.List
at com.employeeapi.testCases.TC001_Get_All_Employees.jsonPath(TC001_Get_All_Employees.java:181)
at java.util.ArrayList.forEach(ArrayList.java:1257)
... Removed 27 stack frames]]>
    </failure>
  </testcase> <!-- jsonPath -->
</testsuite> <!-- EmployeesRestAPITest -->
